2025-03-01 17:58:34,784 - __main__ - INFO - Documents with Q3 data before removal: 105
2025-03-01 17:58:34,798 - __main__ - INFO - Total Q3 entries before removal: 105
2025-03-01 17:58:34,803 - __main__ - INFO - Found 105 documents with Q3 data
2025-03-01 17:58:34,805 - __main__ - INFO - Removed 1 Q3 entries from Heranba
2025-03-01 17:58:34,805 - __main__ - INFO - Removed 1 Q3 entries from Dilip Buildcon
2025-03-01 17:58:34,805 - __main__ - INFO - Removed 1 Q3 entries from Airan
2025-03-01 17:58:34,806 - __main__ - INFO - Removed 1 Q3 entries from Polyplex Corp
2025-03-01 17:58:34,806 - __main__ - INFO - Removed 1 Q3 entries from MBL Infra
2025-03-01 17:58:34,806 - __main__ - INFO - Removed 1 Q3 entries from Uma Exports
2025-03-01 17:58:34,806 - __main__ - INFO - Removed 1 Q3 entries from Vikas Ecotech
2025-03-01 17:58:34,807 - __main__ - INFO - Removed 1 Q3 entries from Healthcare Glob
2025-03-01 17:58:34,807 - __main__ - INFO - Removed 1 Q3 entries from Sandur Manganes
2025-03-01 17:58:34,807 - __main__ - INFO - Removed 1 Q3 entries from AGS Transact
2025-03-01 17:58:34,807 - __main__ - INFO - Removed 1 Q3 entries from Kitex Garments
2025-03-01 17:58:34,808 - __main__ - INFO - Removed 1 Q3 entries from Bannari A Spg
2025-03-01 17:58:34,808 - __main__ - INFO - Removed 1 Q3 entries from RBM Infracon
2025-03-01 17:58:34,808 - __main__ - INFO - Removed 1 Q3 entries from Rategain Travel
2025-03-01 17:58:34,808 - __main__ - INFO - Removed 1 Q3 entries from Puravankara
2025-03-01 17:58:34,809 - __main__ - INFO - Removed 1 Q3 entries from Nahar Ent
2025-03-01 17:58:34,809 - __main__ - INFO - Removed 1 Q3 entries from Glenmark
2025-03-01 17:58:34,809 - __main__ - INFO - Removed 1 Q3 entries from Swan Energy
2025-03-01 17:58:34,809 - __main__ - INFO - Removed 1 Q3 entries from Reliance Infra
2025-03-01 17:58:34,810 - __main__ - INFO - Removed 1 Q3 entries from Ethos
2025-03-01 17:58:34,810 - __main__ - INFO - Removed 1 Q3 entries from MTNL
2025-03-01 17:58:34,810 - __main__ - INFO - Removed 1 Q3 entries from KDDL
2025-03-01 17:58:34,811 - __main__ - INFO - Removed 1 Q3 entries from DEE Development
2025-03-01 17:58:34,811 - __main__ - INFO - Removed 1 Q3 entries from Jindal PolyFilm
2025-03-01 17:58:34,811 - __main__ - INFO - Removed 1 Q3 entries from Gufic Bio
2025-03-01 17:58:34,811 - __main__ - INFO - Removed 1 Q3 entries from Arman Financial
2025-03-01 17:58:34,812 - __main__ - INFO - Removed 1 Q3 entries from Global Surfaces
2025-03-01 17:58:34,812 - __main__ - INFO - Removed 1 Q3 entries from D P Wires
2025-03-01 17:58:34,812 - __main__ - INFO - Removed 1 Q3 entries from Lokesh Machines
2025-03-01 17:58:34,812 - __main__ - INFO - Removed 1 Q3 entries from Uttam Sugar
2025-03-01 17:58:34,813 - __main__ - INFO - Removed 1 Q3 entries from Pavna Ind
2025-03-01 17:58:34,813 - __main__ - INFO - Removed 1 Q3 entries from SEL
2025-03-01 17:58:34,813 - __main__ - INFO - Removed 1 Q3 entries from Sree Rayalaseem
2025-03-01 17:58:34,813 - __main__ - INFO - Removed 1 Q3 entries from Hardwyn
2025-03-01 17:58:34,814 - __main__ - INFO - Removed 1 Q3 entries from GVK Power
2025-03-01 17:58:34,814 - __main__ - INFO - Removed 1 Q3 entries from UCAL
2025-03-01 17:58:34,814 - __main__ - INFO - Removed 1 Q3 entries from Vardhman Poly
2025-03-01 17:58:34,814 - __main__ - INFO - Removed 1 Q3 entries from Camlin Fine
2025-03-01 17:58:34,815 - __main__ - INFO - Removed 1 Q3 entries from Fert and Chem
2025-03-01 17:58:34,815 - __main__ - INFO - Removed 1 Q3 entries from Vikas Life
2025-03-01 17:58:34,815 - __main__ - INFO - Removed 1 Q3 entries from RUDRABHISHEK
2025-03-01 17:58:34,815 - __main__ - INFO - Removed 1 Q3 entries from Commercial Syn
2025-03-01 17:58:34,815 - __main__ - INFO - Removed 1 Q3 entries from Vaswani Ind
2025-03-01 17:58:34,816 - __main__ - INFO - Removed 1 Q3 entries from Mirc Electronic
2025-03-01 17:58:34,816 - __main__ - INFO - Removed 1 Q3 entries from Digispice Tech
2025-03-01 17:58:34,816 - __main__ - INFO - Removed 1 Q3 entries from Uflex
2025-03-01 17:58:34,816 - __main__ - INFO - Removed 1 Q3 entries from Naga Dhunseri
2025-03-01 17:58:34,817 - __main__ - INFO - Removed 1 Q3 entries from Zen Tech
2025-03-01 17:58:34,817 - __main__ - INFO - Removed 1 Q3 entries from RPP Infra Proj
2025-03-01 17:58:34,817 - __main__ - INFO - Removed 1 Q3 entries from MOTHERSON
2025-03-01 17:58:34,817 - __main__ - INFO - Removed 1 Q3 entries from GNFC
2025-03-01 17:58:34,818 - __main__ - INFO - Removed 1 Q3 entries from Easy Trip
2025-03-01 17:58:34,818 - __main__ - INFO - Removed 1 Q3 entries from Dish TV
2025-03-01 17:58:34,818 - __main__ - INFO - Removed 1 Q3 entries from Ashapura Mine
2025-03-01 17:58:34,818 - __main__ - INFO - Removed 1 Q3 entries from Hubtown
2025-03-01 17:58:34,819 - __main__ - INFO - Removed 1 Q3 entries from Bigbloc Constru
2025-03-01 17:58:34,819 - __main__ - INFO - Removed 1 Q3 entries from Mukka Proteins
2025-03-01 17:58:34,819 - __main__ - INFO - Removed 1 Q3 entries from Career Point
2025-03-01 17:58:34,819 - __main__ - INFO - Removed 1 Q3 entries from Donear Ind
2025-03-01 17:58:34,819 - __main__ - INFO - Removed 1 Q3 entries from Emami Realty
2025-03-01 17:58:34,820 - __main__ - INFO - Removed 1 Q3 entries from Plaza Wires
2025-03-01 17:58:34,820 - __main__ - INFO - Removed 1 Q3 entries from Rana Sugars
2025-03-01 17:58:34,820 - __main__ - INFO - Removed 1 Q3 entries from Ingersoll Rand
2025-03-01 17:58:34,820 - __main__ - INFO - Removed 1 Q3 entries from Borosil Renew
2025-03-01 17:58:34,821 - __main__ - INFO - Removed 1 Q3 entries from Best Agrolife
2025-03-01 17:58:34,821 - __main__ - INFO - Removed 1 Q3 entries from Visaka Ind
2025-03-01 17:58:34,821 - __main__ - INFO - Removed 1 Q3 entries from PVP Ventures
2025-03-01 17:58:34,821 - __main__ - INFO - Removed 1 Q3 entries from IZMO
2025-03-01 17:58:34,821 - __main__ - INFO - Removed 1 Q3 entries from Pansari Develop
2025-03-01 17:58:34,822 - __main__ - INFO - Removed 1 Q3 entries from Megasoft
2025-03-01 17:58:34,822 - __main__ - INFO - Removed 1 Q3 entries from HMT
2025-03-01 17:58:34,822 - __main__ - INFO - Removed 1 Q3 entries from Rolex Rings
2025-03-01 17:58:34,822 - __main__ - INFO - Removed 1 Q3 entries from Rail Vikas
2025-03-01 17:58:34,823 - __main__ - INFO - Removed 1 Q3 entries from Antony Waste
2025-03-01 17:58:34,823 - __main__ - INFO - Removed 1 Q3 entries from Munjal Auto Ind
2025-03-01 17:58:34,823 - __main__ - INFO - Removed 1 Q3 entries from Aditya Birla F
2025-03-01 17:58:34,823 - __main__ - INFO - Removed 1 Q3 entries from Sudarshan Chem
2025-03-01 17:58:34,823 - __main__ - INFO - Removed 1 Q3 entries from Narayana Hruda
2025-03-01 17:58:34,824 - __main__ - INFO - Removed 1 Q3 entries from GlaxoSmithKline
2025-03-01 17:58:34,824 - __main__ - INFO - Removed 1 Q3 entries from Nagarjuna Fert
2025-03-01 17:58:34,825 - __main__ - INFO - Removed 1 Q3 entries from Signpost India
2025-03-01 17:58:34,825 - __main__ - INFO - Removed 1 Q3 entries from Jamna Auto
2025-03-01 17:58:34,825 - __main__ - INFO - Removed 1 Q3 entries from Themis Medicare
2025-03-01 17:58:34,825 - __main__ - INFO - Removed 1 Q3 entries from Northern Arc
2025-03-01 17:58:34,825 - __main__ - INFO - Removed 1 Q3 entries from PTC Industries
2025-03-01 17:58:34,826 - __main__ - INFO - Removed 1 Q3 entries from Simplex Infra
2025-03-01 17:58:34,826 - __main__ - INFO - Removed 1 Q3 entries from U. Y. Fincorp
2025-03-01 17:58:34,826 - __main__ - INFO - Removed 1 Q3 entries from Global Vectra
2025-03-01 17:58:34,826 - __main__ - INFO - Removed 1 Q3 entries from Shankar Lal Ram
2025-03-01 17:58:34,827 - __main__ - INFO - Removed 1 Q3 entries from Kothari Product
2025-03-01 17:58:34,827 - __main__ - INFO - Removed 1 Q3 entries from Xtglobal
2025-03-01 17:58:34,827 - __main__ - INFO - Removed 1 Q3 entries from Debock Ind.
2025-03-01 17:58:34,827 - __main__ - INFO - Removed 1 Q3 entries from Dr Agarwals
2025-03-01 17:58:34,828 - __main__ - INFO - Removed 1 Q3 entries from Unimech Aerospa
2025-03-01 17:58:34,828 - __main__ - INFO - Removed 1 Q3 entries from Magellanic
2025-03-01 17:58:34,828 - __main__ - INFO - Removed 1 Q3 entries from Jaiprakash Asso
2025-03-01 17:58:34,828 - __main__ - INFO - Removed 1 Q3 entries from Vasa Denticity
2025-03-01 17:58:34,828 - __main__ - INFO - Removed 1 Q3 entries from Sasta Sundar
2025-03-01 17:58:34,829 - __main__ - INFO - Removed 1 Q3 entries from Deepak Builders
2025-03-01 17:58:34,829 - __main__ - INFO - Removed 1 Q3 entries from Avonmore Cap
2025-03-01 17:58:34,829 - __main__ - INFO - Removed 1 Q3 entries from AB Cotspin
2025-03-01 17:58:34,829 - __main__ - INFO - Removed 1 Q3 entries from Shree Tirupati
2025-03-01 17:58:34,829 - __main__ - INFO - Removed 1 Q3 entries from BB Triplewall
2025-03-01 17:58:34,830 - __main__ - INFO - Removed 1 Q3 entries from Osia Hyper Reta
2025-03-01 17:58:34,830 - __main__ - INFO - Removed 1 Q3 entries from Revathi Equipme
2025-03-01 17:58:34,830 - __main__ - INFO - Successfully updated 105 documents
2025-03-01 17:58:34,833 - __main__ - INFO - Documents with Q3 data after removal: 0
2025-03-01 17:58:34,841 - __main__ - INFO - All Q3 entries have been successfully removed
2025-03-01 17:58:34,841 - __main__ - INFO - MongoDB connection closed
